1782091849: mosquitto version 2.0.22 starting
1782091849: Config loaded from /mosquitto/config/mosquitto.conf.
1782091849: Opening ipv4 listen socket on port 1883.
1782091849: Opening ipv6 listen socket on port 1883.
1782091849: mosquitto version 2.0.22 running
1782093413: mosquitto version 2.0.22 terminating
1782093413: Saving in-memory database to /mosquitto/data//mosquitto.db.
1782093423: mosquitto version 2.0.22 starting
1782093423: Config loaded from /mosquitto/config/mosquitto.conf.
1782093423: Opening ipv4 listen socket on port 1883.
1782093423: Opening ipv6 listen socket on port 1883.
1782093423: mosquitto version 2.0.22 running
1782093844: mosquitto version 2.0.22 terminating
1782093844: Saving in-memory database to /mosquitto/data//mosquitto.db.
1782093879: mosquitto version 2.0.22 starting
1782093879: Config loaded from /mosquitto/config/mosquitto.conf.
1782093879: Opening ipv4 listen socket on port 1883.
1782093879: Opening ipv6 listen socket on port 1883.
1782093879: mosquitto version 2.0.22 running
1782093911: mosquitto version 2.0.22 terminating
1782093911: Saving in-memory database to /mosquitto/data//mosquitto.db.
1782093916: mosquitto version 2.0.22 starting
1782093916: Config loaded from /mosquitto/config/mosquitto.conf.
1782093916: Opening ipv4 listen socket on port 1883.
1782093916: Opening ipv6 listen socket on port 1883.
1782093916: mosquitto version 2.0.22 running
1782093973: mosquitto version 2.0.22 terminating
1782093973: Saving in-memory database to /mosquitto/data//mosquitto.db.
1782093980: mosquitto version 2.0.22 starting
1782093980: Config loaded from /mosquitto/config/mosquitto.conf.
1782093980: Opening ipv4 listen socket on port 1883.
1782093980: Opening ipv6 listen socket on port 1883.
1782093980: mosquitto version 2.0.22 running
1782094004: mosquitto version 2.0.22 terminating
1782094004: Saving in-memory database to /mosquitto/data//mosquitto.db.
1782094009: mosquitto version 2.0.22 starting
1782094009: Config loaded from /mosquitto/config/mosquitto.conf.
1782094009: Opening ipv4 listen socket on port 1883.
1782094009: Opening ipv6 listen socket on port 1883.
1782094009: mosquitto version 2.0.22 running
1782094050: mosquitto version 2.0.22 terminating
1782094050: Saving in-memory database to /mosquitto/data//mosquitto.db.
1782094056: mosquitto version 2.0.22 starting
1782094056: Config loaded from /mosquitto/config/mosquitto.conf.
1782094056: Opening ipv4 listen socket on port 1883.
1782094056: Opening ipv6 listen socket on port 1883.
1782094056: mosquitto version 2.0.22 running
1782095414: mosquitto version 2.0.22 terminating
1782095414: Saving in-memory database to /mosquitto/data//mosquitto.db.
1782095419: mosquitto version 2.0.22 starting
1782095419: Config loaded from /mosquitto/config/mosquitto.conf.
1782095419: Opening ipv4 listen socket on port 1883.
1782095419: Opening ipv6 listen socket on port 1883.
1782095419: mosquitto version 2.0.22 running
1782095509: mosquitto version 2.0.22 terminating
1782095509: Saving in-memory database to /mosquitto/data//mosquitto.db.
1782095514: mosquitto version 2.0.22 starting
1782095514: Config loaded from /mosquitto/config/mosquitto.conf.
1782095514: Opening ipv4 listen socket on port 1883.
1782095514: Opening ipv6 listen socket on port 1883.
1782095514: mosquitto version 2.0.22 running
1782095612: mosquitto version 2.0.22 terminating
1782095612: Saving in-memory database to /mosquitto/data//mosquitto.db.
1782095620: mosquitto version 2.0.22 starting
1782095620: Config loaded from /mosquitto/config/mosquitto.conf.
1782095620: Opening ipv4 listen socket on port 1883.
1782095620: Opening ipv6 listen socket on port 1883.
1782095620: mosquitto version 2.0.22 running
1782095795: mosquitto version 2.0.22 terminating
1782095795: Saving in-memory database to /mosquitto/data//mosquitto.db.
1782095810: mosquitto version 2.0.22 starting
1782095810: Config loaded from /mosquitto/config/mosquitto.conf.
1782095810: Opening ipv4 listen socket on port 1883.
1782095810: Opening ipv6 listen socket on port 1883.
1782095810: mosquitto version 2.0.22 running
1782096048: mosquitto version 2.0.22 terminating
1782096048: Saving in-memory database to /mosquitto/data//mosquitto.db.
1782096053: mosquitto version 2.0.22 starting
1782096053: Config loaded from /mosquitto/config/mosquitto.conf.
1782096053: Opening ipv4 listen socket on port 1883.
1782096053: Opening ipv6 listen socket on port 1883.
1782096053: mosquitto version 2.0.22 running
1782096118: mosquitto version 2.0.22 terminating
1782096118: Saving in-memory database to /mosquitto/data//mosquitto.db.
1782096321: mosquitto version 2.0.22 starting
1782096321: Config loaded from /mosquitto/config/mosquitto.conf.
1782096321: Opening ipv4 listen socket on port 1883.
1782096321: Opening ipv6 listen socket on port 1883.
1782096321: mosquitto version 2.0.22 running
1782096341: mosquitto version 2.0.22 terminating
1782096341: Saving in-memory database to /mosquitto/data//mosquitto.db.
1782096347: mosquitto version 2.0.22 starting
1782096347: Config loaded from /mosquitto/config/mosquitto.conf.
1782096347: Opening ipv4 listen socket on port 1883.
1782096347: Opening ipv6 listen socket on port 1883.
1782096347: mosquitto version 2.0.22 running
1782096397: mosquitto version 2.0.22 terminating
1782096397: Saving in-memory database to /mosquitto/data//mosquitto.db.
1782096471: mosquitto version 2.0.22 starting
1782096471: Config loaded from /mosquitto/config/mosquitto.conf.
1782096471: Opening ipv4 listen socket on port 1883.
1782096471: Opening ipv6 listen socket on port 1883.
1782096471: mosquitto version 2.0.22 running
1782096573: mosquitto version 2.0.22 terminating
1782096573: Saving in-memory database to /mosquitto/data//mosquitto.db.
1782096580: mosquitto version 2.0.22 starting
1782096580: Config loaded from /mosquitto/config/mosquitto.conf.
1782096580: Opening ipv4 listen socket on port 1883.
1782096580: Opening ipv6 listen socket on port 1883.
1782096580: mosquitto version 2.0.22 running
1782096689: mosquitto version 2.0.22 terminating
1782096689: Saving in-memory database to /mosquitto/data//mosquitto.db.
1782096694: mosquitto version 2.0.22 starting
1782096694: Config loaded from /mosquitto/config/mosquitto.conf.
1782096694: Opening ipv4 listen socket on port 1883.
1782096694: Opening ipv6 listen socket on port 1883.
1782096694: mosquitto version 2.0.22 running
1782098494: Saving in-memory database to /mosquitto/data//mosquitto.db.
1782099186: mosquitto version 2.0.22 terminating
1782099186: Saving in-memory database to /mosquitto/data//mosquitto.db.
1782139212: mosquitto version 2.0.22 starting
1782139212: Config loaded from /mosquitto/config/mosquitto.conf.
1782139212: Opening ipv4 listen socket on port 1883.
1782139212: Opening ipv6 listen socket on port 1883.
1782139212: mosquitto version 2.0.22 running
1782141013: Saving in-memory database to /mosquitto/data//mosquitto.db.
1782142814: Saving in-memory database to /mosquitto/data//mosquitto.db.
1782144614: Saving in-memory database to /mosquitto/data//mosquitto.db.
1782146415: Saving in-memory database to /mosquitto/data//mosquitto.db.
1782148216: Saving in-memory database to /mosquitto/data//mosquitto.db.
1782150017: Saving in-memory database to /mosquitto/data//mosquitto.db.
1782151818: Saving in-memory database to /mosquitto/data//mosquitto.db.
1782350064: mosquitto version 2.0.22 starting
1782350064: Config loaded from /mosquitto/config/mosquitto.conf.
1782350064: Opening ipv4 listen socket on port 1883.
1782350064: Opening ipv6 listen socket on port 1883.
1782350064: mosquitto version 2.0.22 running
1782350224: mosquitto version 2.0.22 terminating
1782350224: Saving in-memory database to /mosquitto/data//mosquitto.db.
1782350461: mosquitto version 2.0.22 starting
1782350461: Config loaded from /mosquitto/config/mosquitto.conf.
1782350461: Opening ipv4 listen socket on port 1883.
1782350461: Opening ipv6 listen socket on port 1883.
1782350461: mosquitto version 2.0.22 running
1782350890: mosquitto version 2.0.22 terminating
1782350890: Saving in-memory database to /mosquitto/data//mosquitto.db.
1782350902: mosquitto version 2.0.22 starting
1782350902: Config loaded from /mosquitto/config/mosquitto.conf.
1782350902: Opening ipv4 listen socket on port 1883.
1782350902: Opening ipv6 listen socket on port 1883.
1782350902: mosquitto version 2.0.22 running
1782351059: mosquitto version 2.0.22 terminating
1782351059: Saving in-memory database to /mosquitto/data//mosquitto.db.
1782351240: mosquitto version 2.0.22 starting
1782351240: Config loaded from /mosquitto/config/mosquitto.conf.
1782351240: Opening ipv4 listen socket on port 1883.
1782351240: Opening ipv6 listen socket on port 1883.
1782351240: mosquitto version 2.0.22 running
1782351428: mosquitto version 2.0.22 terminating
1782351428: Saving in-memory database to /mosquitto/data//mosquitto.db.
1782352092: mosquitto version 2.0.22 starting
1782352092: Config loaded from /mosquitto/config/mosquitto.conf.
1782352092: Opening ipv4 listen socket on port 1883.
1782352092: Opening ipv6 listen socket on port 1883.
1782352092: mosquitto version 2.0.22 running
1782352170: mosquitto version 2.0.22 terminating
1782352170: Saving in-memory database to /mosquitto/data//mosquitto.db.
1782352304: mosquitto version 2.0.22 starting
1782352304: Config loaded from /mosquitto/config/mosquitto.conf.
1782352304: Opening ipv4 listen socket on port 1883.
1782352304: Opening ipv6 listen socket on port 1883.
1782352304: mosquitto version 2.0.22 running
1782352676: mosquitto version 2.0.22 terminating
1782352676: Saving in-memory database to /mosquitto/data//mosquitto.db.
1782352692: mosquitto version 2.0.22 starting
1782352692: Config loaded from /mosquitto/config/mosquitto.conf.
1782352692: Opening ipv4 listen socket on port 1883.
1782352692: Opening ipv6 listen socket on port 1883.
1782352692: mosquitto version 2.0.22 running
1782352740: mosquitto version 2.0.22 terminating
1782352740: Saving in-memory database to /mosquitto/data//mosquitto.db.
1782352743: mosquitto version 2.0.22 starting
1782352743: Config loaded from /mosquitto/config/mosquitto.conf.
1782352743: Opening ipv4 listen socket on port 1883.
1782352743: Opening ipv6 listen socket on port 1883.
1782352743: mosquitto version 2.0.22 running
1782354544: Saving in-memory database to /mosquitto/data//mosquitto.db.
1782355409: mosquitto version 2.0.22 terminating
1782355409: Saving in-memory database to /mosquitto/data//mosquitto.db.
1782355418: mosquitto version 2.0.22 starting
1782355418: Config loaded from /mosquitto/config/mosquitto.conf.
1782355418: Opening ipv4 listen socket on port 1883.
1782355418: Opening ipv6 listen socket on port 1883.
1782355418: mosquitto version 2.0.22 running
1782355508: mosquitto version 2.0.22 terminating
1782355508: Saving in-memory database to /mosquitto/data//mosquitto.db.
1782355515: mosquitto version 2.0.22 starting
1782355515: Config loaded from /mosquitto/config/mosquitto.conf.
1782355515: Opening ipv4 listen socket on port 1883.
1782355515: Opening ipv6 listen socket on port 1883.
1782355515: mosquitto version 2.0.22 running
1782355554: mosquitto version 2.0.22 terminating
1782355554: Saving in-memory database to /mosquitto/data//mosquitto.db.
1782355557: mosquitto version 2.0.22 starting
1782355557: Config loaded from /mosquitto/config/mosquitto.conf.
1782355557: Opening ipv4 listen socket on port 1883.
1782355557: Opening ipv6 listen socket on port 1883.
1782355557: mosquitto version 2.0.22 running
1782356668: mosquitto version 2.0.22 terminating
1782356668: Saving in-memory database to /mosquitto/data//mosquitto.db.
1782356681: mosquitto version 2.0.22 starting
1782356681: Config loaded from /mosquitto/config/mosquitto.conf.
1782356681: Opening ipv4 listen socket on port 1883.
1782356681: Opening ipv6 listen socket on port 1883.
1782356681: mosquitto version 2.0.22 running
1782356862: mosquitto version 2.0.22 terminating
1782356862: Saving in-memory database to /mosquitto/data//mosquitto.db.
1782356881: mosquitto version 2.0.22 starting
1782356881: Config loaded from /mosquitto/config/mosquitto.conf.
1782356881: Opening ipv4 listen socket on port 1883.
1782356881: Opening ipv6 listen socket on port 1883.
1782356881: mosquitto version 2.0.22 running
